  Source.cpp
c:\users\asus\source\repos\at-p3-teeyujune\at-p3-teeyujune\source.cpp(78): warning C4305: '=': truncation from 'double' to 'float'
c:\users\asus\source\repos\at-p3-teeyujune\at-p3-teeyujune\source.cpp(79): warning C4305: '=': truncation from 'double' to 'float'
c:\users\asus\source\repos\at-p3-teeyujune\at-p3-teeyujune\source.cpp(103): warning C4305: '-=': truncation from 'double' to 'float'
c:\users\asus\source\repos\at-p3-teeyujune\at-p3-teeyujune\source.cpp(104): warning C4305: '-=': truncation from 'double' to 'float'
c:\users\asus\source\repos\at-p3-teeyujune\at-p3-teeyujune\source.cpp(108): warning C4305: '-=': truncation from 'double' to 'float'
c:\users\asus\source\repos\at-p3-teeyujune\at-p3-teeyujune\source.cpp(122): warning C4305: '=': truncation from 'double' to 'float'
c:\users\asus\source\repos\at-p3-teeyujune\at-p3-teeyujune\source.cpp(123): warning C4305: '=': truncation from 'double' to 'float'
c:\users\asus\source\repos\at-p3-teeyujune\at-p3-teeyujune\source.cpp(135): warning C4305: '+=': truncation from 'double' to 'float'
c:\users\asus\source\repos\at-p3-teeyujune\at-p3-teeyujune\source.cpp(139): warning C4305: '+=': truncation from 'double' to 'float'
c:\users\asus\source\repos\at-p3-teeyujune\at-p3-teeyujune\source.cpp(148): warning C4305: '-=': truncation from 'double' to 'float'
c:\users\asus\source\repos\at-p3-teeyujune\at-p3-teeyujune\source.cpp(151): warning C4305: '-=': truncation from 'double' to 'float'
c:\users\asus\source\repos\at-p3-teeyujune\at-p3-teeyujune\source.cpp(155): warning C4305: '+=': truncation from 'double' to 'float'
c:\users\asus\source\repos\at-p3-teeyujune\at-p3-teeyujune\source.cpp(174): warning C4305: '-=': truncation from 'double' to 'float'
c:\users\asus\source\repos\at-p3-teeyujune\at-p3-teeyujune\source.cpp(179): warning C4305: '+=': truncation from 'double' to 'float'
c:\users\asus\source\repos\at-p3-teeyujune\at-p3-teeyujune\source.cpp(244): warning C4244: 'argument': conversion from 'double' to 'GLfloat', possible loss of data
c:\users\asus\source\repos\at-p3-teeyujune\at-p3-teeyujune\source.cpp(244): warning C4305: 'argument': truncation from 'double' to 'GLfloat'
c:\users\asus\source\repos\at-p3-teeyujune\at-p3-teeyujune\source.cpp(246): warning C4305: 'argument': truncation from 'double' to 'float'
c:\users\asus\source\repos\at-p3-teeyujune\at-p3-teeyujune\source.cpp(259): warning C4305: 'argument': truncation from 'double' to 'GLfloat'
c:\users\asus\source\repos\at-p3-teeyujune\at-p3-teeyujune\source.cpp(261): warning C4305: 'argument': truncation from 'double' to 'float'
c:\users\asus\source\repos\at-p3-teeyujune\at-p3-teeyujune\source.cpp(269): warning C4305: '+=': truncation from 'double' to 'float'
c:\users\asus\source\repos\at-p3-teeyujune\at-p3-teeyujune\source.cpp(271): warning C4305: 'argument': truncation from 'double' to 'GLfloat'
c:\users\asus\source\repos\at-p3-teeyujune\at-p3-teeyujune\source.cpp(273): warning C4305: 'argument': truncation from 'double' to 'GLfloat'
c:\users\asus\source\repos\at-p3-teeyujune\at-p3-teeyujune\source.cpp(276): warning C4305: 'argument': truncation from 'double' to 'GLfloat'
c:\users\asus\source\repos\at-p3-teeyujune\at-p3-teeyujune\source.cpp(278): warning C4305: 'argument': truncation from 'double' to 'float'
c:\users\asus\source\repos\at-p3-teeyujune\at-p3-teeyujune\source.cpp(283): warning C4305: 'argument': truncation from 'double' to 'GLfloat'
c:\users\asus\source\repos\at-p3-teeyujune\at-p3-teeyujune\source.cpp(284): warning C4305: 'argument': truncation from 'double' to 'GLfloat'
c:\users\asus\source\repos\at-p3-teeyujune\at-p3-teeyujune\source.cpp(285): warning C4305: 'argument': truncation from 'double' to 'GLfloat'
c:\users\asus\source\repos\at-p3-teeyujune\at-p3-teeyujune\source.cpp(291): warning C4305: 'argument': truncation from 'double' to 'float'
c:\users\asus\source\repos\at-p3-teeyujune\at-p3-teeyujune\source.cpp(297): warning C4305: 'argument': truncation from 'double' to 'float'
c:\users\asus\source\repos\at-p3-teeyujune\at-p3-teeyujune\source.cpp(306): warning C4305: 'argument': truncation from 'double' to 'GLfloat'
c:\users\asus\source\repos\at-p3-teeyujune\at-p3-teeyujune\source.cpp(308): warning C4305: 'argument': truncation from 'double' to 'float'
c:\users\asus\source\repos\at-p3-teeyujune\at-p3-teeyujune\source.cpp(315): warning C4305: '+=': truncation from 'double' to 'float'
c:\users\asus\source\repos\at-p3-teeyujune\at-p3-teeyujune\source.cpp(341): warning C4305: '+=': truncation from 'double' to 'float'
c:\users\asus\source\repos\at-p3-teeyujune\at-p3-teeyujune\source.cpp(373): warning C4305: '+=': truncation from 'double' to 'float'
c:\users\asus\source\repos\at-p3-teeyujune\at-p3-teeyujune\source.cpp(386): warning C4305: 'argument': truncation from 'double' to 'GLfloat'
c:\users\asus\source\repos\at-p3-teeyujune\at-p3-teeyujune\source.cpp(387): warning C4305: 'argument': truncation from 'double' to 'GLfloat'
c:\users\asus\source\repos\at-p3-teeyujune\at-p3-teeyujune\source.cpp(388): warning C4305: 'argument': truncation from 'double' to 'GLfloat'
c:\users\asus\source\repos\at-p3-teeyujune\at-p3-teeyujune\source.cpp(393): warning C4305: 'argument': truncation from 'double' to 'float'
c:\users\asus\source\repos\at-p3-teeyujune\at-p3-teeyujune\source.cpp(398): warning C4305: 'argument': truncation from 'double' to 'float'
c:\users\asus\source\repos\at-p3-teeyujune\at-p3-teeyujune\source.cpp(403): warning C4305: 'argument': truncation from 'double' to 'float'
c:\users\asus\source\repos\at-p3-teeyujune\at-p3-teeyujune\source.cpp(408): warning C4305: 'argument': truncation from 'double' to 'float'
c:\users\asus\source\repos\at-p3-teeyujune\at-p3-teeyujune\source.cpp(413): warning C4305: 'argument': truncation from 'double' to 'GLfloat'
c:\users\asus\source\repos\at-p3-teeyujune\at-p3-teeyujune\source.cpp(414): warning C4305: 'argument': truncation from 'double' to 'float'
c:\users\asus\source\repos\at-p3-teeyujune\at-p3-teeyujune\source.cpp(425): warning C4305: 'argument': truncation from 'double' to 'GLfloat'
c:\users\asus\source\repos\at-p3-teeyujune\at-p3-teeyujune\source.cpp(426): warning C4305: 'argument': truncation from 'double' to 'float'
c:\users\asus\source\repos\at-p3-teeyujune\at-p3-teeyujune\source.cpp(431): warning C4305: 'argument': truncation from 'double' to 'GLfloat'
c:\users\asus\source\repos\at-p3-teeyujune\at-p3-teeyujune\source.cpp(432): warning C4305: 'argument': truncation from 'double' to 'float'
c:\users\asus\source\repos\at-p3-teeyujune\at-p3-teeyujune\source.cpp(437): warning C4305: 'argument': truncation from 'double' to 'GLfloat'
c:\users\asus\source\repos\at-p3-teeyujune\at-p3-teeyujune\source.cpp(438): warning C4305: 'argument': truncation from 'double' to 'float'
c:\users\asus\source\repos\at-p3-teeyujune\at-p3-teeyujune\source.cpp(443): warning C4305: 'argument': truncation from 'double' to 'GLfloat'
c:\users\asus\source\repos\at-p3-teeyujune\at-p3-teeyujune\source.cpp(444): warning C4305: 'argument': truncation from 'double' to 'float'
c:\users\asus\source\repos\at-p3-teeyujune\at-p3-teeyujune\source.cpp(449): warning C4305: 'argument': truncation from 'double' to 'GLfloat'
c:\users\asus\source\repos\at-p3-teeyujune\at-p3-teeyujune\source.cpp(450): warning C4305: 'argument': truncation from 'double' to 'float'
c:\users\asus\source\repos\at-p3-teeyujune\at-p3-teeyujune\source.cpp(455): warning C4305: 'argument': truncation from 'double' to 'GLfloat'
c:\users\asus\source\repos\at-p3-teeyujune\at-p3-teeyujune\source.cpp(456): warning C4305: 'argument': truncation from 'double' to 'float'
c:\users\asus\source\repos\at-p3-teeyujune\at-p3-teeyujune\source.cpp(461): warning C4305: 'argument': truncation from 'double' to 'GLfloat'
c:\users\asus\source\repos\at-p3-teeyujune\at-p3-teeyujune\source.cpp(462): warning C4305: 'argument': truncation from 'double' to 'float'
c:\users\asus\source\repos\at-p3-teeyujune\at-p3-teeyujune\source.cpp(467): warning C4305: 'argument': truncation from 'double' to 'GLfloat'
c:\users\asus\source\repos\at-p3-teeyujune\at-p3-teeyujune\source.cpp(468): warning C4305: 'argument': truncation from 'double' to 'float'
c:\users\asus\source\repos\at-p3-teeyujune\at-p3-teeyujune\source.cpp(514): warning C4305: 'argument': truncation from 'double' to 'GLfloat'
c:\users\asus\source\repos\at-p3-teeyujune\at-p3-teeyujune\source.cpp(520): warning C4305: 'argument': truncation from 'double' to 'GLfloat'
c:\users\asus\source\repos\at-p3-teeyujune\at-p3-teeyujune\source.cpp(521): warning C4305: 'argument': truncation from 'double' to 'GLfloat'
c:\users\asus\source\repos\at-p3-teeyujune\at-p3-teeyujune\source.cpp(522): warning C4305: 'argument': truncation from 'double' to 'GLfloat'
c:\users\asus\source\repos\at-p3-teeyujune\at-p3-teeyujune\source.cpp(523): warning C4305: 'argument': truncation from 'double' to 'GLfloat'
c:\users\asus\source\repos\at-p3-teeyujune\at-p3-teeyujune\source.cpp(529): warning C4305: 'argument': truncation from 'double' to 'GLfloat'
c:\users\asus\source\repos\at-p3-teeyujune\at-p3-teeyujune\source.cpp(530): warning C4305: 'argument': truncation from 'double' to 'GLfloat'
c:\users\asus\source\repos\at-p3-teeyujune\at-p3-teeyujune\source.cpp(531): warning C4305: 'argument': truncation from 'double' to 'GLfloat'
c:\users\asus\source\repos\at-p3-teeyujune\at-p3-teeyujune\source.cpp(532): warning C4305: 'argument': truncation from 'double' to 'GLfloat'
c:\users\asus\source\repos\at-p3-teeyujune\at-p3-teeyujune\source.cpp(541): warning C4305: 'argument': truncation from 'double' to 'GLfloat'
c:\users\asus\source\repos\at-p3-teeyujune\at-p3-teeyujune\source.cpp(547): warning C4305: 'argument': truncation from 'double' to 'GLfloat'
c:\users\asus\source\repos\at-p3-teeyujune\at-p3-teeyujune\source.cpp(548): warning C4305: 'argument': truncation from 'double' to 'GLfloat'
c:\users\asus\source\repos\at-p3-teeyujune\at-p3-teeyujune\source.cpp(549): warning C4305: 'argument': truncation from 'double' to 'GLfloat'
c:\users\asus\source\repos\at-p3-teeyujune\at-p3-teeyujune\source.cpp(550): warning C4305: 'argument': truncation from 'double' to 'GLfloat'
c:\users\asus\source\repos\at-p3-teeyujune\at-p3-teeyujune\source.cpp(556): warning C4305: 'argument': truncation from 'double' to 'GLfloat'
c:\users\asus\source\repos\at-p3-teeyujune\at-p3-teeyujune\source.cpp(557): warning C4305: 'argument': truncation from 'double' to 'GLfloat'
c:\users\asus\source\repos\at-p3-teeyujune\at-p3-teeyujune\source.cpp(558): warning C4305: 'argument': truncation from 'double' to 'GLfloat'
c:\users\asus\source\repos\at-p3-teeyujune\at-p3-teeyujune\source.cpp(559): warning C4305: 'argument': truncation from 'double' to 'GLfloat'
c:\users\asus\source\repos\at-p3-teeyujune\at-p3-teeyujune\source.cpp(565): warning C4305: 'argument': truncation from 'double' to 'GLfloat'
c:\users\asus\source\repos\at-p3-teeyujune\at-p3-teeyujune\source.cpp(566): warning C4305: 'argument': truncation from 'double' to 'GLfloat'
c:\users\asus\source\repos\at-p3-teeyujune\at-p3-teeyujune\source.cpp(567): warning C4305: 'argument': truncation from 'double' to 'GLfloat'
c:\users\asus\source\repos\at-p3-teeyujune\at-p3-teeyujune\source.cpp(568): warning C4305: 'argument': truncation from 'double' to 'GLfloat'
c:\users\asus\source\repos\at-p3-teeyujune\at-p3-teeyujune\source.cpp(574): warning C4305: 'argument': truncation from 'double' to 'float'
c:\users\asus\source\repos\at-p3-teeyujune\at-p3-teeyujune\source.cpp(580): warning C4305: 'argument': truncation from 'double' to 'GLfloat'
c:\users\asus\source\repos\at-p3-teeyujune\at-p3-teeyujune\source.cpp(581): warning C4305: 'argument': truncation from 'double' to 'GLfloat'
c:\users\asus\source\repos\at-p3-teeyujune\at-p3-teeyujune\source.cpp(582): warning C4305: 'argument': truncation from 'double' to 'GLfloat'
c:\users\asus\source\repos\at-p3-teeyujune\at-p3-teeyujune\source.cpp(583): warning C4305: 'argument': truncation from 'double' to 'GLfloat'
c:\users\asus\source\repos\at-p3-teeyujune\at-p3-teeyujune\source.cpp(592): warning C4305: 'argument': truncation from 'double' to 'GLfloat'
c:\users\asus\source\repos\at-p3-teeyujune\at-p3-teeyujune\source.cpp(616): warning C4305: 'argument': truncation from 'double' to 'float'
c:\users\asus\source\repos\at-p3-teeyujune\at-p3-teeyujune\source.cpp(643): warning C4244: 'argument': conversion from 'double' to 'GLfloat', possible loss of data
c:\users\asus\source\repos\at-p3-teeyujune\at-p3-teeyujune\source.cpp(787): warning C4305: 'argument': truncation from 'double' to 'GLfloat'
c:\users\asus\source\repos\at-p3-teeyujune\at-p3-teeyujune\source.cpp(788): warning C4305: 'argument': truncation from 'double' to 'float'
c:\users\asus\source\repos\at-p3-teeyujune\at-p3-teeyujune\source.cpp(814): warning C4305: 'argument': truncation from 'double' to 'GLfloat'
c:\users\asus\source\repos\at-p3-teeyujune\at-p3-teeyujune\source.cpp(815): warning C4305: 'argument': truncation from 'double' to 'float'
c:\users\asus\source\repos\at-p3-teeyujune\at-p3-teeyujune\source.cpp(862): warning C4305: '+=': truncation from 'double' to 'float'
c:\users\asus\source\repos\at-p3-teeyujune\at-p3-teeyujune\source.cpp(936): warning C4305: 'argument': truncation from 'double' to 'GLfloat'
c:\users\asus\source\repos\at-p3-teeyujune\at-p3-teeyujune\source.cpp(937): warning C4305: 'argument': truncation from 'double' to 'GLfloat'
c:\users\asus\source\repos\at-p3-teeyujune\at-p3-teeyujune\source.cpp(938): warning C4305: 'argument': truncation from 'double' to 'GLfloat'
c:\users\asus\source\repos\at-p3-teeyujune\at-p3-teeyujune\source.cpp(939): warning C4305: 'argument': truncation from 'double' to 'GLfloat'
c:\users\asus\source\repos\at-p3-teeyujune\at-p3-teeyujune\source.cpp(945): warning C4305: 'argument': truncation from 'double' to 'GLfloat'
c:\users\asus\source\repos\at-p3-teeyujune\at-p3-teeyujune\source.cpp(946): warning C4305: 'argument': truncation from 'double' to 'GLfloat'
c:\users\asus\source\repos\at-p3-teeyujune\at-p3-teeyujune\source.cpp(947): warning C4305: 'argument': truncation from 'double' to 'GLfloat'
c:\users\asus\source\repos\at-p3-teeyujune\at-p3-teeyujune\source.cpp(948): warning C4305: 'argument': truncation from 'double' to 'GLfloat'
c:\users\asus\source\repos\at-p3-teeyujune\at-p3-teeyujune\source.cpp(953): warning C4305: 'argument': truncation from 'double' to 'GLfloat'
c:\users\asus\source\repos\at-p3-teeyujune\at-p3-teeyujune\source.cpp(954): warning C4305: 'argument': truncation from 'double' to 'GLfloat'
c:\users\asus\source\repos\at-p3-teeyujune\at-p3-teeyujune\source.cpp(955): warning C4305: 'argument': truncation from 'double' to 'GLfloat'
c:\users\asus\source\repos\at-p3-teeyujune\at-p3-teeyujune\source.cpp(956): warning C4305: 'argument': truncation from 'double' to 'GLfloat'
c:\users\asus\source\repos\at-p3-teeyujune\at-p3-teeyujune\source.cpp(961): warning C4305: 'argument': truncation from 'double' to 'GLfloat'
c:\users\asus\source\repos\at-p3-teeyujune\at-p3-teeyujune\source.cpp(962): warning C4305: 'argument': truncation from 'double' to 'GLfloat'
c:\users\asus\source\repos\at-p3-teeyujune\at-p3-teeyujune\source.cpp(963): warning C4305: 'argument': truncation from 'double' to 'GLfloat'
c:\users\asus\source\repos\at-p3-teeyujune\at-p3-teeyujune\source.cpp(964): warning C4305: 'argument': truncation from 'double' to 'GLfloat'
c:\users\asus\source\repos\at-p3-teeyujune\at-p3-teeyujune\source.cpp(969): warning C4305: 'argument': truncation from 'double' to 'GLfloat'
c:\users\asus\source\repos\at-p3-teeyujune\at-p3-teeyujune\source.cpp(970): warning C4305: 'argument': truncation from 'double' to 'GLfloat'
c:\users\asus\source\repos\at-p3-teeyujune\at-p3-teeyujune\source.cpp(971): warning C4305: 'argument': truncation from 'double' to 'GLfloat'
c:\users\asus\source\repos\at-p3-teeyujune\at-p3-teeyujune\source.cpp(972): warning C4305: 'argument': truncation from 'double' to 'GLfloat'
c:\users\asus\source\repos\at-p3-teeyujune\at-p3-teeyujune\source.cpp(984): warning C4305: 'argument': truncation from 'double' to 'float'
c:\users\asus\source\repos\at-p3-teeyujune\at-p3-teeyujune\source.cpp(1044): warning C4244: 'argument': conversion from 'double' to 'GLfloat', possible loss of data
c:\users\asus\source\repos\at-p3-teeyujune\at-p3-teeyujune\source.cpp(1057): warning C4305: 'argument': truncation from 'double' to 'float'
c:\users\asus\source\repos\at-p3-teeyujune\at-p3-teeyujune\source.cpp(1062): warning C4305: 'argument': truncation from 'double' to 'float'
c:\users\asus\source\repos\at-p3-teeyujune\at-p3-teeyujune\source.cpp(1067): warning C4305: 'argument': truncation from 'double' to 'float'
c:\users\asus\source\repos\at-p3-teeyujune\at-p3-teeyujune\source.cpp(1072): warning C4305: 'argument': truncation from 'double' to 'float'
c:\users\asus\source\repos\at-p3-teeyujune\at-p3-teeyujune\source.cpp(1078): warning C4305: 'argument': truncation from 'double' to 'GLfloat'
c:\users\asus\source\repos\at-p3-teeyujune\at-p3-teeyujune\source.cpp(1084): warning C4305: 'argument': truncation from 'double' to 'GLfloat'
c:\users\asus\source\repos\at-p3-teeyujune\at-p3-teeyujune\source.cpp(1085): warning C4305: 'argument': truncation from 'double' to 'GLfloat'
c:\users\asus\source\repos\at-p3-teeyujune\at-p3-teeyujune\source.cpp(1086): warning C4305: 'argument': truncation from 'double' to 'GLfloat'
c:\users\asus\source\repos\at-p3-teeyujune\at-p3-teeyujune\source.cpp(1091): warning C4305: 'argument': truncation from 'double' to 'float'
c:\users\asus\source\repos\at-p3-teeyujune\at-p3-teeyujune\source.cpp(1096): warning C4305: 'argument': truncation from 'double' to 'float'
c:\users\asus\source\repos\at-p3-teeyujune\at-p3-teeyujune\source.cpp(1101): warning C4305: 'argument': truncation from 'double' to 'float'
c:\users\asus\source\repos\at-p3-teeyujune\at-p3-teeyujune\source.cpp(1106): warning C4305: 'argument': truncation from 'double' to 'float'
c:\users\asus\source\repos\at-p3-teeyujune\at-p3-teeyujune\source.cpp(1111): warning C4305: 'argument': truncation from 'double' to 'GLfloat'
c:\users\asus\source\repos\at-p3-teeyujune\at-p3-teeyujune\source.cpp(1112): warning C4305: 'argument': truncation from 'double' to 'float'
c:\users\asus\source\repos\at-p3-teeyujune\at-p3-teeyujune\source.cpp(1117): warning C4305: 'argument': truncation from 'double' to 'GLfloat'
c:\users\asus\source\repos\at-p3-teeyujune\at-p3-teeyujune\source.cpp(1118): warning C4305: 'argument': truncation from 'double' to 'float'
c:\users\asus\source\repos\at-p3-teeyujune\at-p3-teeyujune\source.cpp(1123): warning C4305: 'argument': truncation from 'double' to 'GLfloat'
c:\users\asus\source\repos\at-p3-teeyujune\at-p3-teeyujune\source.cpp(1124): warning C4305: 'argument': truncation from 'double' to 'float'
c:\users\asus\source\repos\at-p3-teeyujune\at-p3-teeyujune\source.cpp(1129): warning C4305: 'argument': truncation from 'double' to 'GLfloat'
c:\users\asus\source\repos\at-p3-teeyujune\at-p3-teeyujune\source.cpp(1130): warning C4305: 'argument': truncation from 'double' to 'float'
c:\users\asus\source\repos\at-p3-teeyujune\at-p3-teeyujune\source.cpp(1135): warning C4305: 'argument': truncation from 'double' to 'GLfloat'
c:\users\asus\source\repos\at-p3-teeyujune\at-p3-teeyujune\source.cpp(1136): warning C4305: 'argument': truncation from 'double' to 'float'
c:\users\asus\source\repos\at-p3-teeyujune\at-p3-teeyujune\source.cpp(1141): warning C4305: 'argument': truncation from 'double' to 'GLfloat'
c:\users\asus\source\repos\at-p3-teeyujune\at-p3-teeyujune\source.cpp(1142): warning C4305: 'argument': truncation from 'double' to 'float'
c:\users\asus\source\repos\at-p3-teeyujune\at-p3-teeyujune\source.cpp(1147): warning C4305: 'argument': truncation from 'double' to 'GLfloat'
c:\users\asus\source\repos\at-p3-teeyujune\at-p3-teeyujune\source.cpp(1148): warning C4305: 'argument': truncation from 'double' to 'float'
c:\users\asus\source\repos\at-p3-teeyujune\at-p3-teeyujune\source.cpp(1153): warning C4305: 'argument': truncation from 'double' to 'GLfloat'
c:\users\asus\source\repos\at-p3-teeyujune\at-p3-teeyujune\source.cpp(1154): warning C4305: 'argument': truncation from 'double' to 'float'
c:\users\asus\source\repos\at-p3-teeyujune\at-p3-teeyujune\source.cpp(1159): warning C4305: 'argument': truncation from 'double' to 'GLfloat'
c:\users\asus\source\repos\at-p3-teeyujune\at-p3-teeyujune\source.cpp(1160): warning C4305: 'argument': truncation from 'double' to 'float'
  At-P3-TeeYuJune.vcxproj -> C:\Users\ASUS\source\repos\At-P3-TeeYuJune\Debug\At-P3-TeeYuJune.exe
