  Source.cpp
c:\users\asus\source\repos\at-p8-teeyujune(g1)\at-p8-teeyujune(g1)\source.cpp(20): warning C4305: 'initializing': truncation from 'double' to 'float'
c:\users\asus\source\repos\at-p8-teeyujune(g1)\at-p8-teeyujune(g1)\source.cpp(21): warning C4305: 'initializing': truncation from 'double' to 'float'
c:\users\asus\source\repos\at-p8-teeyujune(g1)\at-p8-teeyujune(g1)\source.cpp(22): warning C4305: 'initializing': truncation from 'double' to 'float'
c:\users\asus\source\repos\at-p8-teeyujune(g1)\at-p8-teeyujune(g1)\source.cpp(59): warning C4305: '-=': truncation from 'double' to 'float'
c:\users\asus\source\repos\at-p8-teeyujune(g1)\at-p8-teeyujune(g1)\source.cpp(63): warning C4305: '+=': truncation from 'double' to 'float'
c:\users\asus\source\repos\at-p8-teeyujune(g1)\at-p8-teeyujune(g1)\source.cpp(67): warning C4305: '-=': truncation from 'double' to 'float'
c:\users\asus\source\repos\at-p8-teeyujune(g1)\at-p8-teeyujune(g1)\source.cpp(71): warning C4305: '+=': truncation from 'double' to 'float'
c:\users\asus\source\repos\at-p8-teeyujune(g1)\at-p8-teeyujune(g1)\source.cpp(91): warning C4305: '+=': truncation from 'double' to 'float'
c:\users\asus\source\repos\at-p8-teeyujune(g1)\at-p8-teeyujune(g1)\source.cpp(92): warning C4305: '+=': truncation from 'double' to 'float'
c:\users\asus\source\repos\at-p8-teeyujune(g1)\at-p8-teeyujune(g1)\source.cpp(96): warning C4305: '-=': truncation from 'double' to 'float'
c:\users\asus\source\repos\at-p8-teeyujune(g1)\at-p8-teeyujune(g1)\source.cpp(97): warning C4305: '-=': truncation from 'double' to 'float'
c:\users\asus\source\repos\at-p8-teeyujune(g1)\at-p8-teeyujune(g1)\source.cpp(101): warning C4305: '-=': truncation from 'double' to 'float'
c:\users\asus\source\repos\at-p8-teeyujune(g1)\at-p8-teeyujune(g1)\source.cpp(105): warning C4305: '+=': truncation from 'double' to 'float'
c:\users\asus\source\repos\at-p8-teeyujune(g1)\at-p8-teeyujune(g1)\source.cpp(109): warning C4305: '-=': truncation from 'double' to 'float'
c:\users\asus\source\repos\at-p8-teeyujune(g1)\at-p8-teeyujune(g1)\source.cpp(113): warning C4305: '+=': truncation from 'double' to 'float'
c:\users\asus\source\repos\at-p8-teeyujune(g1)\at-p8-teeyujune(g1)\source.cpp(217): warning C4305: 'argument': truncation from 'double' to 'GLfloat'
c:\users\asus\source\repos\at-p8-teeyujune(g1)\at-p8-teeyujune(g1)\source.cpp(229): warning C4305: 'argument': truncation from 'double' to 'GLfloat'
c:\users\asus\source\repos\at-p8-teeyujune(g1)\at-p8-teeyujune(g1)\source.cpp(240): warning C4305: 'argument': truncation from 'double' to 'GLfloat'
c:\users\asus\source\repos\at-p8-teeyujune(g1)\at-p8-teeyujune(g1)\source.cpp(252): warning C4305: 'argument': truncation from 'double' to 'GLfloat'
  AT-P8-TeeYuJune(G1).vcxproj -> C:\Users\ASUS\source\repos\AT-P8-TeeYuJune(G1)\Debug\AT-P8-TeeYuJune(G1).exe
