  Source.cpp
c:\users\asus\source\repos\at-p5-teeyujune(g1)\at-p5-teeyujune(g1)\source.cpp(19): warning C4305: 'initializing': truncation from 'double' to 'float'
c:\users\asus\source\repos\at-p5-teeyujune(g1)\at-p5-teeyujune(g1)\source.cpp(20): warning C4305: 'initializing': truncation from 'double' to 'float'
c:\users\asus\source\repos\at-p5-teeyujune(g1)\at-p5-teeyujune(g1)\source.cpp(21): warning C4305: 'initializing': truncation from 'double' to 'float'
c:\users\asus\source\repos\at-p5-teeyujune(g1)\at-p5-teeyujune(g1)\source.cpp(46): warning C4305: '+=': truncation from 'double' to 'float'
c:\users\asus\source\repos\at-p5-teeyujune(g1)\at-p5-teeyujune(g1)\source.cpp(50): warning C4305: '-=': truncation from 'double' to 'float'
c:\users\asus\source\repos\at-p5-teeyujune(g1)\at-p5-teeyujune(g1)\source.cpp(139): warning C4305: '+=': truncation from 'double' to 'float'
c:\users\asus\source\repos\at-p5-teeyujune(g1)\at-p5-teeyujune(g1)\source.cpp(142): warning C4305: 'argument': truncation from 'double' to 'GLfloat'
c:\users\asus\source\repos\at-p5-teeyujune(g1)\at-p5-teeyujune(g1)\source.cpp(149): warning C4305: 'argument': truncation from 'double' to 'GLfloat'
c:\users\asus\source\repos\at-p5-teeyujune(g1)\at-p5-teeyujune(g1)\source.cpp(158): warning C4305: 'argument': truncation from 'double' to 'GLfloat'
c:\users\asus\source\repos\at-p5-teeyujune(g1)\at-p5-teeyujune(g1)\source.cpp(167): warning C4305: 'argument': truncation from 'double' to 'GLfloat'
c:\users\asus\source\repos\at-p5-teeyujune(g1)\at-p5-teeyujune(g1)\source.cpp(168): warning C4305: 'argument': truncation from 'double' to 'GLfloat'
c:\users\asus\source\repos\at-p5-teeyujune(g1)\at-p5-teeyujune(g1)\source.cpp(178): warning C4305: 'argument': truncation from 'double' to 'GLfloat'
c:\users\asus\source\repos\at-p5-teeyujune(g1)\at-p5-teeyujune(g1)\source.cpp(187): warning C4305: 'argument': truncation from 'double' to 'GLfloat'
c:\users\asus\source\repos\at-p5-teeyujune(g1)\at-p5-teeyujune(g1)\source.cpp(188): warning C4305: 'argument': truncation from 'double' to 'GLfloat'
c:\users\asus\source\repos\at-p5-teeyujune(g1)\at-p5-teeyujune(g1)\source.cpp(196): warning C4305: 'argument': truncation from 'double' to 'GLfloat'
c:\users\asus\source\repos\at-p5-teeyujune(g1)\at-p5-teeyujune(g1)\source.cpp(197): warning C4305: 'argument': truncation from 'double' to 'GLfloat'
c:\users\asus\source\repos\at-p5-teeyujune(g1)\at-p5-teeyujune(g1)\source.cpp(199): warning C4305: 'argument': truncation from 'double' to 'GLfloat'
c:\users\asus\source\repos\at-p5-teeyujune(g1)\at-p5-teeyujune(g1)\source.cpp(206): warning C4305: 'argument': truncation from 'double' to 'GLfloat'
c:\users\asus\source\repos\at-p5-teeyujune(g1)\at-p5-teeyujune(g1)\source.cpp(207): warning C4305: 'argument': truncation from 'double' to 'GLfloat'
c:\users\asus\source\repos\at-p5-teeyujune(g1)\at-p5-teeyujune(g1)\source.cpp(209): warning C4305: 'argument': truncation from 'double' to 'GLfloat'
c:\users\asus\source\repos\at-p5-teeyujune(g1)\at-p5-teeyujune(g1)\source.cpp(216): warning C4305: 'argument': truncation from 'double' to 'GLfloat'
c:\users\asus\source\repos\at-p5-teeyujune(g1)\at-p5-teeyujune(g1)\source.cpp(217): warning C4305: 'argument': truncation from 'double' to 'GLfloat'
c:\users\asus\source\repos\at-p5-teeyujune(g1)\at-p5-teeyujune(g1)\source.cpp(225): warning C4305: 'argument': truncation from 'double' to 'GLfloat'
c:\users\asus\source\repos\at-p5-teeyujune(g1)\at-p5-teeyujune(g1)\source.cpp(226): warning C4305: 'argument': truncation from 'double' to 'GLfloat'
c:\users\asus\source\repos\at-p5-teeyujune(g1)\at-p5-teeyujune(g1)\source.cpp(239): warning C4244: 'argument': conversion from 'double' to 'GLfloat', possible loss of data
  AT-P5-TeeYuJune(G1).vcxproj -> C:\Users\ASUS\source\repos\AT-P5-TeeYuJune(G1)\Debug\AT-P5-TeeYuJune(G1).exe
