  Source.cpp
c:\users\asus\source\repos\p2\p2\source.cpp(58): warning C4305: '-=': truncation from 'double' to 'float'
c:\users\asus\source\repos\p2\p2\source.cpp(62): warning C4305: '+=': truncation from 'double' to 'float'
c:\users\asus\source\repos\p2\p2\source.cpp(66): warning C4305: '-=': truncation from 'double' to 'float'
c:\users\asus\source\repos\p2\p2\source.cpp(70): warning C4305: '+=': truncation from 'double' to 'float'
c:\users\asus\source\repos\p2\p2\source.cpp(168): warning C4305: '+=': truncation from 'double' to 'float'
c:\users\asus\source\repos\p2\p2\source.cpp(169): warning C4305: '+=': truncation from 'double' to 'float'
c:\users\asus\source\repos\p2\p2\source.cpp(170): warning C4305: '+=': truncation from 'double' to 'float'
c:\users\asus\source\repos\p2\p2\source.cpp(187): warning C4305: 'argument': truncation from 'double' to 'GLfloat'
c:\users\asus\source\repos\p2\p2\source.cpp(188): warning C4305: 'argument': truncation from 'double' to 'GLfloat'
c:\users\asus\source\repos\p2\p2\source.cpp(196): warning C4305: 'argument': truncation from 'double' to 'GLfloat'
c:\users\asus\source\repos\p2\p2\source.cpp(197): warning C4305: 'argument': truncation from 'double' to 'GLfloat'
c:\users\asus\source\repos\p2\p2\source.cpp(205): warning C4305: 'argument': truncation from 'double' to 'GLfloat'
c:\users\asus\source\repos\p2\p2\source.cpp(206): warning C4305: 'argument': truncation from 'double' to 'GLfloat'
c:\users\asus\source\repos\p2\p2\source.cpp(214): warning C4305: 'argument': truncation from 'double' to 'GLfloat'
c:\users\asus\source\repos\p2\p2\source.cpp(215): warning C4305: 'argument': truncation from 'double' to 'GLfloat'
c:\users\asus\source\repos\p2\p2\source.cpp(223): warning C4305: 'argument': truncation from 'double' to 'GLfloat'
c:\users\asus\source\repos\p2\p2\source.cpp(224): warning C4305: 'argument': truncation from 'double' to 'GLfloat'
c:\users\asus\source\repos\p2\p2\source.cpp(236): warning C4244: 'argument': conversion from 'double' to 'GLfloat', possible loss of data
c:\users\asus\source\repos\p2\p2\source.cpp(245): warning C4244: 'argument': conversion from 'double' to 'GLfloat', possible loss of data
c:\users\asus\source\repos\p2\p2\source.cpp(254): warning C4244: 'argument': conversion from 'double' to 'GLfloat', possible loss of data
c:\users\asus\source\repos\p2\p2\source.cpp(267): warning C4244: 'argument': conversion from 'int' to 'GLfloat', possible loss of data
c:\users\asus\source\repos\p2\p2\source.cpp(330): warning C4244: 'argument': conversion from 'double' to 'GLfloat', possible loss of data
  P2.vcxproj -> C:\Users\ASUS\source\repos\P2\Debug\P2.exe
