  Source.cpp
c:\users\asus\source\repos\at-p5(b)-teeyujune(g1)\at-p5(b)-teeyujune(g1)\source.cpp(47): warning C4305: 'initializing': truncation from 'double' to 'float'
c:\users\asus\source\repos\at-p5(b)-teeyujune(g1)\at-p5(b)-teeyujune(g1)\source.cpp(48): warning C4305: 'initializing': truncation from 'double' to 'float'
c:\users\asus\source\repos\at-p5(b)-teeyujune(g1)\at-p5(b)-teeyujune(g1)\source.cpp(49): warning C4305: 'initializing': truncation from 'double' to 'float'
c:\users\asus\source\repos\at-p5(b)-teeyujune(g1)\at-p5(b)-teeyujune(g1)\source.cpp(62): warning C4305: 'initializing': truncation from 'double' to 'float'
c:\users\asus\source\repos\at-p5(b)-teeyujune(g1)\at-p5(b)-teeyujune(g1)\source.cpp(103): warning C4305: '-=': truncation from 'double' to 'float'
c:\users\asus\source\repos\at-p5(b)-teeyujune(g1)\at-p5(b)-teeyujune(g1)\source.cpp(107): warning C4305: '+=': truncation from 'double' to 'float'
c:\users\asus\source\repos\at-p5(b)-teeyujune(g1)\at-p5(b)-teeyujune(g1)\source.cpp(120): warning C4305: '-=': truncation from 'double' to 'float'
c:\users\asus\source\repos\at-p5(b)-teeyujune(g1)\at-p5(b)-teeyujune(g1)\source.cpp(203): warning C4305: 'argument': truncation from 'double' to 'GLfloat'
c:\users\asus\source\repos\at-p5(b)-teeyujune(g1)\at-p5(b)-teeyujune(g1)\source.cpp(204): warning C4305: 'argument': truncation from 'double' to 'GLfloat'
c:\users\asus\source\repos\at-p5(b)-teeyujune(g1)\at-p5(b)-teeyujune(g1)\source.cpp(210): warning C4305: 'argument': truncation from 'double' to 'GLfloat'
c:\users\asus\source\repos\at-p5(b)-teeyujune(g1)\at-p5(b)-teeyujune(g1)\source.cpp(211): warning C4305: 'argument': truncation from 'double' to 'GLfloat'
c:\users\asus\source\repos\at-p5(b)-teeyujune(g1)\at-p5(b)-teeyujune(g1)\source.cpp(218): warning C4305: 'argument': truncation from 'double' to 'GLfloat'
c:\users\asus\source\repos\at-p5(b)-teeyujune(g1)\at-p5(b)-teeyujune(g1)\source.cpp(219): warning C4305: 'argument': truncation from 'double' to 'GLfloat'
c:\users\asus\source\repos\at-p5(b)-teeyujune(g1)\at-p5(b)-teeyujune(g1)\source.cpp(224): warning C4305: 'argument': truncation from 'double' to 'GLfloat'
c:\users\asus\source\repos\at-p5(b)-teeyujune(g1)\at-p5(b)-teeyujune(g1)\source.cpp(232): warning C4305: 'argument': truncation from 'double' to 'GLfloat'
c:\users\asus\source\repos\at-p5(b)-teeyujune(g1)\at-p5(b)-teeyujune(g1)\source.cpp(234): warning C4305: 'argument': truncation from 'double' to 'GLfloat'
c:\users\asus\source\repos\at-p5(b)-teeyujune(g1)\at-p5(b)-teeyujune(g1)\source.cpp(243): warning C4305: 'argument': truncation from 'double' to 'GLfloat'
c:\users\asus\source\repos\at-p5(b)-teeyujune(g1)\at-p5(b)-teeyujune(g1)\source.cpp(305): warning C4305: 'argument': truncation from 'double' to 'GLfloat'
c:\users\asus\source\repos\at-p5(b)-teeyujune(g1)\at-p5(b)-teeyujune(g1)\source.cpp(313): warning C4305: 'argument': truncation from 'double' to 'GLfloat'
c:\users\asus\source\repos\at-p5(b)-teeyujune(g1)\at-p5(b)-teeyujune(g1)\source.cpp(321): warning C4305: 'argument': truncation from 'double' to 'GLfloat'
c:\users\asus\source\repos\at-p5(b)-teeyujune(g1)\at-p5(b)-teeyujune(g1)\source.cpp(329): warning C4305: 'argument': truncation from 'double' to 'GLfloat'
c:\users\asus\source\repos\at-p5(b)-teeyujune(g1)\at-p5(b)-teeyujune(g1)\source.cpp(337): warning C4305: 'argument': truncation from 'double' to 'GLfloat'
c:\users\asus\source\repos\at-p5(b)-teeyujune(g1)\at-p5(b)-teeyujune(g1)\source.cpp(373): warning C4305: '-=': truncation from 'double' to 'float'
c:\users\asus\source\repos\at-p5(b)-teeyujune(g1)\at-p5(b)-teeyujune(g1)\source.cpp(389): warning C4305: 'argument': truncation from 'double' to 'GLfloat'
c:\users\asus\source\repos\at-p5(b)-teeyujune(g1)\at-p5(b)-teeyujune(g1)\source.cpp(396): warning C4305: 'argument': truncation from 'double' to 'GLfloat'
c:\users\asus\source\repos\at-p5(b)-teeyujune(g1)\at-p5(b)-teeyujune(g1)\source.cpp(403): warning C4305: 'argument': truncation from 'double' to 'GLfloat'
c:\users\asus\source\repos\at-p5(b)-teeyujune(g1)\at-p5(b)-teeyujune(g1)\source.cpp(409): warning C4305: 'argument': truncation from 'double' to 'GLfloat'
c:\users\asus\source\repos\at-p5(b)-teeyujune(g1)\at-p5(b)-teeyujune(g1)\source.cpp(418): warning C4305: 'argument': truncation from 'double' to 'GLfloat'
c:\users\asus\source\repos\at-p5(b)-teeyujune(g1)\at-p5(b)-teeyujune(g1)\source.cpp(424): warning C4305: 'argument': truncation from 'double' to 'GLfloat'
c:\users\asus\source\repos\at-p5(b)-teeyujune(g1)\at-p5(b)-teeyujune(g1)\source.cpp(430): warning C4305: 'argument': truncation from 'double' to 'GLfloat'
c:\users\asus\source\repos\at-p5(b)-teeyujune(g1)\at-p5(b)-teeyujune(g1)\source.cpp(467): warning C4305: 'argument': truncation from 'double' to 'GLfloat'
c:\users\asus\source\repos\at-p5(b)-teeyujune(g1)\at-p5(b)-teeyujune(g1)\source.cpp(470): warning C4305: 'argument': truncation from 'double' to 'GLfloat'
c:\users\asus\source\repos\at-p5(b)-teeyujune(g1)\at-p5(b)-teeyujune(g1)\source.cpp(480): warning C4305: 'argument': truncation from 'double' to 'GLfloat'
c:\users\asus\source\repos\at-p5(b)-teeyujune(g1)\at-p5(b)-teeyujune(g1)\source.cpp(495): warning C4305: 'argument': truncation from 'double' to 'GLfloat'
c:\users\asus\source\repos\at-p5(b)-teeyujune(g1)\at-p5(b)-teeyujune(g1)\source.cpp(496): warning C4305: 'argument': truncation from 'double' to 'GLfloat'
c:\users\asus\source\repos\at-p5(b)-teeyujune(g1)\at-p5(b)-teeyujune(g1)\source.cpp(500): warning C4305: 'initializing': truncation from 'double' to 'float'
c:\users\asus\source\repos\at-p5(b)-teeyujune(g1)\at-p5(b)-teeyujune(g1)\source.cpp(501): warning C4305: 'initializing': truncation from 'double' to 'float'
c:\users\asus\source\repos\at-p5(b)-teeyujune(g1)\at-p5(b)-teeyujune(g1)\source.cpp(502): warning C4305: 'argument': truncation from 'double' to 'GLfloat'
c:\users\asus\source\repos\at-p5(b)-teeyujune(g1)\at-p5(b)-teeyujune(g1)\source.cpp(509): warning C4305: 'argument': truncation from 'double' to 'GLfloat'
c:\users\asus\source\repos\at-p5(b)-teeyujune(g1)\at-p5(b)-teeyujune(g1)\source.cpp(510): warning C4305: 'argument': truncation from 'double' to 'GLfloat'
c:\users\asus\source\repos\at-p5(b)-teeyujune(g1)\at-p5(b)-teeyujune(g1)\source.cpp(513): warning C4305: '+=': truncation from 'double' to 'float'
c:\users\asus\source\repos\at-p5(b)-teeyujune(g1)\at-p5(b)-teeyujune(g1)\source.cpp(514): warning C4305: '-=': truncation from 'double' to 'float'
c:\users\asus\source\repos\at-p5(b)-teeyujune(g1)\at-p5(b)-teeyujune(g1)\source.cpp(517): warning C4305: '=': truncation from 'double' to 'float'
c:\users\asus\source\repos\at-p5(b)-teeyujune(g1)\at-p5(b)-teeyujune(g1)\source.cpp(518): warning C4305: '=': truncation from 'double' to 'float'
c:\users\asus\source\repos\at-p5(b)-teeyujune(g1)\at-p5(b)-teeyujune(g1)\source.cpp(538): warning C4305: 'argument': truncation from 'double' to 'GLfloat'
c:\users\asus\source\repos\at-p5(b)-teeyujune(g1)\at-p5(b)-teeyujune(g1)\source.cpp(542): warning C4305: 'argument': truncation from 'double' to 'GLfloat'
c:\users\asus\source\repos\at-p5(b)-teeyujune(g1)\at-p5(b)-teeyujune(g1)\source.cpp(564): warning C4305: 'argument': truncation from 'double' to 'GLfloat'
c:\users\asus\source\repos\at-p5(b)-teeyujune(g1)\at-p5(b)-teeyujune(g1)\source.cpp(567): warning C4305: 'argument': truncation from 'double' to 'GLfloat'
c:\users\asus\source\repos\at-p5(b)-teeyujune(g1)\at-p5(b)-teeyujune(g1)\source.cpp(572): warning C4305: 'argument': truncation from 'double' to 'GLfloat'
c:\users\asus\source\repos\at-p5(b)-teeyujune(g1)\at-p5(b)-teeyujune(g1)\source.cpp(575): warning C4305: 'argument': truncation from 'double' to 'GLfloat'
c:\users\asus\source\repos\at-p5(b)-teeyujune(g1)\at-p5(b)-teeyujune(g1)\source.cpp(592): warning C4305: 'argument': truncation from 'double' to 'GLfloat'
c:\users\asus\source\repos\at-p5(b)-teeyujune(g1)\at-p5(b)-teeyujune(g1)\source.cpp(595): warning C4305: 'argument': truncation from 'double' to 'GLfloat'
c:\users\asus\source\repos\at-p5(b)-teeyujune(g1)\at-p5(b)-teeyujune(g1)\source.cpp(597): warning C4305: 'argument': truncation from 'double' to 'GLfloat'
c:\users\asus\source\repos\at-p5(b)-teeyujune(g1)\at-p5(b)-teeyujune(g1)\source.cpp(637): warning C4305: 'argument': truncation from 'double' to 'GLfloat'
c:\users\asus\source\repos\at-p5(b)-teeyujune(g1)\at-p5(b)-teeyujune(g1)\source.cpp(639): warning C4305: 'argument': truncation from 'double' to 'GLfloat'
c:\users\asus\source\repos\at-p5(b)-teeyujune(g1)\at-p5(b)-teeyujune(g1)\source.cpp(674): warning C4305: '+=': truncation from 'double' to 'float'
c:\users\asus\source\repos\at-p5(b)-teeyujune(g1)\at-p5(b)-teeyujune(g1)\source.cpp(682): warning C4305: 'argument': truncation from 'double' to 'GLfloat'
c:\users\asus\source\repos\at-p5(b)-teeyujune(g1)\at-p5(b)-teeyujune(g1)\source.cpp(685): warning C4305: 'argument': truncation from 'double' to 'GLfloat'
c:\users\asus\source\repos\at-p5(b)-teeyujune(g1)\at-p5(b)-teeyujune(g1)\source.cpp(687): warning C4305: 'argument': truncation from 'double' to 'GLfloat'
c:\users\asus\source\repos\at-p5(b)-teeyujune(g1)\at-p5(b)-teeyujune(g1)\source.cpp(760): warning C4305: 'argument': truncation from 'double' to 'GLfloat'
c:\users\asus\source\repos\at-p5(b)-teeyujune(g1)\at-p5(b)-teeyujune(g1)\source.cpp(886): warning C4305: '-=': truncation from 'double' to 'float'
c:\users\asus\source\repos\at-p5(b)-teeyujune(g1)\at-p5(b)-teeyujune(g1)\source.cpp(889): warning C4305: '+=': truncation from 'double' to 'float'
c:\users\asus\source\repos\at-p5(b)-teeyujune(g1)\at-p5(b)-teeyujune(g1)\source.cpp(894): warning C4305: 'argument': truncation from 'double' to 'GLfloat'
c:\users\asus\source\repos\at-p5(b)-teeyujune(g1)\at-p5(b)-teeyujune(g1)\source.cpp(896): warning C4305: 'argument': truncation from 'double' to 'GLfloat'
c:\users\asus\source\repos\at-p5(b)-teeyujune(g1)\at-p5(b)-teeyujune(g1)\source.cpp(899): warning C4305: 'argument': truncation from 'double' to 'GLfloat'
c:\users\asus\source\repos\at-p5(b)-teeyujune(g1)\at-p5(b)-teeyujune(g1)\source.cpp(904): warning C4305: 'argument': truncation from 'double' to 'GLfloat'
c:\users\asus\source\repos\at-p5(b)-teeyujune(g1)\at-p5(b)-teeyujune(g1)\source.cpp(907): warning C4305: 'argument': truncation from 'double' to 'GLfloat'
c:\users\asus\source\repos\at-p5(b)-teeyujune(g1)\at-p5(b)-teeyujune(g1)\source.cpp(913): warning C4305: 'argument': truncation from 'double' to 'GLfloat'
c:\users\asus\source\repos\at-p5(b)-teeyujune(g1)\at-p5(b)-teeyujune(g1)\source.cpp(914): warning C4305: 'argument': truncation from 'double' to 'GLfloat'
c:\users\asus\source\repos\at-p5(b)-teeyujune(g1)\at-p5(b)-teeyujune(g1)\source.cpp(920): warning C4305: 'argument': truncation from 'double' to 'GLfloat'
c:\users\asus\source\repos\at-p5(b)-teeyujune(g1)\at-p5(b)-teeyujune(g1)\source.cpp(925): warning C4305: 'argument': truncation from 'double' to 'GLfloat'
c:\users\asus\source\repos\at-p5(b)-teeyujune(g1)\at-p5(b)-teeyujune(g1)\source.cpp(928): warning C4305: 'argument': truncation from 'double' to 'GLfloat'
c:\users\asus\source\repos\at-p5(b)-teeyujune(g1)\at-p5(b)-teeyujune(g1)\source.cpp(929): warning C4305: 'argument': truncation from 'double' to 'GLfloat'
c:\users\asus\source\repos\at-p5(b)-teeyujune(g1)\at-p5(b)-teeyujune(g1)\source.cpp(934): warning C4305: 'argument': truncation from 'double' to 'GLfloat'
c:\users\asus\source\repos\at-p5(b)-teeyujune(g1)\at-p5(b)-teeyujune(g1)\source.cpp(935): warning C4305: 'argument': truncation from 'double' to 'GLfloat'
c:\users\asus\source\repos\at-p5(b)-teeyujune(g1)\at-p5(b)-teeyujune(g1)\source.cpp(940): warning C4305: 'argument': truncation from 'double' to 'GLfloat'
c:\users\asus\source\repos\at-p5(b)-teeyujune(g1)\at-p5(b)-teeyujune(g1)\source.cpp(941): warning C4305: 'argument': truncation from 'double' to 'GLfloat'
c:\users\asus\source\repos\at-p5(b)-teeyujune(g1)\at-p5(b)-teeyujune(g1)\source.cpp(946): warning C4305: 'argument': truncation from 'double' to 'GLfloat'
c:\users\asus\source\repos\at-p5(b)-teeyujune(g1)\at-p5(b)-teeyujune(g1)\source.cpp(947): warning C4305: 'argument': truncation from 'double' to 'GLfloat'
c:\users\asus\source\repos\at-p5(b)-teeyujune(g1)\at-p5(b)-teeyujune(g1)\source.cpp(952): warning C4305: 'argument': truncation from 'double' to 'GLfloat'
c:\users\asus\source\repos\at-p5(b)-teeyujune(g1)\at-p5(b)-teeyujune(g1)\source.cpp(953): warning C4305: 'argument': truncation from 'double' to 'GLfloat'
c:\users\asus\source\repos\at-p5(b)-teeyujune(g1)\at-p5(b)-teeyujune(g1)\source.cpp(958): warning C4305: 'argument': truncation from 'double' to 'GLfloat'
c:\users\asus\source\repos\at-p5(b)-teeyujune(g1)\at-p5(b)-teeyujune(g1)\source.cpp(959): warning C4305: 'argument': truncation from 'double' to 'GLfloat'
c:\users\asus\source\repos\at-p5(b)-teeyujune(g1)\at-p5(b)-teeyujune(g1)\source.cpp(964): warning C4305: 'argument': truncation from 'double' to 'GLfloat'
c:\users\asus\source\repos\at-p5(b)-teeyujune(g1)\at-p5(b)-teeyujune(g1)\source.cpp(965): warning C4305: 'argument': truncation from 'double' to 'GLfloat'
c:\users\asus\source\repos\at-p5(b)-teeyujune(g1)\at-p5(b)-teeyujune(g1)\source.cpp(970): warning C4305: 'argument': truncation from 'double' to 'GLfloat'
c:\users\asus\source\repos\at-p5(b)-teeyujune(g1)\at-p5(b)-teeyujune(g1)\source.cpp(971): warning C4305: 'argument': truncation from 'double' to 'GLfloat'
c:\users\asus\source\repos\at-p5(b)-teeyujune(g1)\at-p5(b)-teeyujune(g1)\source.cpp(976): warning C4305: 'argument': truncation from 'double' to 'GLfloat'
c:\users\asus\source\repos\at-p5(b)-teeyujune(g1)\at-p5(b)-teeyujune(g1)\source.cpp(977): warning C4305: 'argument': truncation from 'double' to 'GLfloat'
c:\users\asus\source\repos\at-p5(b)-teeyujune(g1)\at-p5(b)-teeyujune(g1)\source.cpp(982): warning C4305: 'argument': truncation from 'double' to 'GLfloat'
c:\users\asus\source\repos\at-p5(b)-teeyujune(g1)\at-p5(b)-teeyujune(g1)\source.cpp(983): warning C4305: 'argument': truncation from 'double' to 'GLfloat'
c:\users\asus\source\repos\at-p5(b)-teeyujune(g1)\at-p5(b)-teeyujune(g1)\source.cpp(989): warning C4305: 'argument': truncation from 'double' to 'GLfloat'
c:\users\asus\source\repos\at-p5(b)-teeyujune(g1)\at-p5(b)-teeyujune(g1)\source.cpp(990): warning C4305: 'argument': truncation from 'double' to 'GLfloat'
c:\users\asus\source\repos\at-p5(b)-teeyujune(g1)\at-p5(b)-teeyujune(g1)\source.cpp(995): warning C4305: 'argument': truncation from 'double' to 'GLfloat'
c:\users\asus\source\repos\at-p5(b)-teeyujune(g1)\at-p5(b)-teeyujune(g1)\source.cpp(996): warning C4305: 'argument': truncation from 'double' to 'GLfloat'
c:\users\asus\source\repos\at-p5(b)-teeyujune(g1)\at-p5(b)-teeyujune(g1)\source.cpp(1001): warning C4305: 'argument': truncation from 'double' to 'GLfloat'
c:\users\asus\source\repos\at-p5(b)-teeyujune(g1)\at-p5(b)-teeyujune(g1)\source.cpp(1002): warning C4305: 'argument': truncation from 'double' to 'GLfloat'
c:\users\asus\source\repos\at-p5(b)-teeyujune(g1)\at-p5(b)-teeyujune(g1)\source.cpp(1007): warning C4305: 'argument': truncation from 'double' to 'GLfloat'
c:\users\asus\source\repos\at-p5(b)-teeyujune(g1)\at-p5(b)-teeyujune(g1)\source.cpp(1008): warning C4305: 'argument': truncation from 'double' to 'GLfloat'
c:\users\asus\source\repos\at-p5(b)-teeyujune(g1)\at-p5(b)-teeyujune(g1)\source.cpp(1013): warning C4305: 'argument': truncation from 'double' to 'GLfloat'
c:\users\asus\source\repos\at-p5(b)-teeyujune(g1)\at-p5(b)-teeyujune(g1)\source.cpp(1014): warning C4305: 'argument': truncation from 'double' to 'GLfloat'
c:\users\asus\source\repos\at-p5(b)-teeyujune(g1)\at-p5(b)-teeyujune(g1)\source.cpp(1019): warning C4305: 'argument': truncation from 'double' to 'GLfloat'
c:\users\asus\source\repos\at-p5(b)-teeyujune(g1)\at-p5(b)-teeyujune(g1)\source.cpp(1020): warning C4305: 'argument': truncation from 'double' to 'GLfloat'
c:\users\asus\source\repos\at-p5(b)-teeyujune(g1)\at-p5(b)-teeyujune(g1)\source.cpp(1025): warning C4305: 'argument': truncation from 'double' to 'GLfloat'
c:\users\asus\source\repos\at-p5(b)-teeyujune(g1)\at-p5(b)-teeyujune(g1)\source.cpp(1026): warning C4305: 'argument': truncation from 'double' to 'GLfloat'
c:\users\asus\source\repos\at-p5(b)-teeyujune(g1)\at-p5(b)-teeyujune(g1)\source.cpp(1031): warning C4305: 'argument': truncation from 'double' to 'GLfloat'
c:\users\asus\source\repos\at-p5(b)-teeyujune(g1)\at-p5(b)-teeyujune(g1)\source.cpp(1032): warning C4305: 'argument': truncation from 'double' to 'GLfloat'
c:\users\asus\source\repos\at-p5(b)-teeyujune(g1)\at-p5(b)-teeyujune(g1)\source.cpp(1037): warning C4305: 'argument': truncation from 'double' to 'GLfloat'
c:\users\asus\source\repos\at-p5(b)-teeyujune(g1)\at-p5(b)-teeyujune(g1)\source.cpp(1038): warning C4305: 'argument': truncation from 'double' to 'GLfloat'
c:\users\asus\source\repos\at-p5(b)-teeyujune(g1)\at-p5(b)-teeyujune(g1)\source.cpp(1043): warning C4305: 'argument': truncation from 'double' to 'GLfloat'
c:\users\asus\source\repos\at-p5(b)-teeyujune(g1)\at-p5(b)-teeyujune(g1)\source.cpp(1044): warning C4305: 'argument': truncation from 'double' to 'GLfloat'
c:\users\asus\source\repos\at-p5(b)-teeyujune(g1)\at-p5(b)-teeyujune(g1)\source.cpp(1054): warning C4305: 'argument': truncation from 'double' to 'GLfloat'
c:\users\asus\source\repos\at-p5(b)-teeyujune(g1)\at-p5(b)-teeyujune(g1)\source.cpp(1055): warning C4305: 'argument': truncation from 'double' to 'GLfloat'
c:\users\asus\source\repos\at-p5(b)-teeyujune(g1)\at-p5(b)-teeyujune(g1)\source.cpp(1056): warning C4305: 'argument': truncation from 'double' to 'GLfloat'
c:\users\asus\source\repos\at-p5(b)-teeyujune(g1)\at-p5(b)-teeyujune(g1)\source.cpp(1062): warning C4305: 'argument': truncation from 'double' to 'GLfloat'
c:\users\asus\source\repos\at-p5(b)-teeyujune(g1)\at-p5(b)-teeyujune(g1)\source.cpp(1063): warning C4305: 'argument': truncation from 'double' to 'GLfloat'
c:\users\asus\source\repos\at-p5(b)-teeyujune(g1)\at-p5(b)-teeyujune(g1)\source.cpp(1071): warning C4305: 'argument': truncation from 'double' to 'GLfloat'
c:\users\asus\source\repos\at-p5(b)-teeyujune(g1)\at-p5(b)-teeyujune(g1)\source.cpp(1073): warning C4305: 'argument': truncation from 'double' to 'GLfloat'
c:\users\asus\source\repos\at-p5(b)-teeyujune(g1)\at-p5(b)-teeyujune(g1)\source.cpp(1074): warning C4305: 'argument': truncation from 'double' to 'GLfloat'
c:\users\asus\source\repos\at-p5(b)-teeyujune(g1)\at-p5(b)-teeyujune(g1)\source.cpp(1079): warning C4305: 'argument': truncation from 'double' to 'GLfloat'
c:\users\asus\source\repos\at-p5(b)-teeyujune(g1)\at-p5(b)-teeyujune(g1)\source.cpp(1080): warning C4305: 'argument': truncation from 'double' to 'GLfloat'
c:\users\asus\source\repos\at-p5(b)-teeyujune(g1)\at-p5(b)-teeyujune(g1)\source.cpp(1085): warning C4305: 'argument': truncation from 'double' to 'GLfloat'
c:\users\asus\source\repos\at-p5(b)-teeyujune(g1)\at-p5(b)-teeyujune(g1)\source.cpp(1086): warning C4305: 'argument': truncation from 'double' to 'GLfloat'
c:\users\asus\source\repos\at-p5(b)-teeyujune(g1)\at-p5(b)-teeyujune(g1)\source.cpp(1091): warning C4305: 'argument': truncation from 'double' to 'GLfloat'
c:\users\asus\source\repos\at-p5(b)-teeyujune(g1)\at-p5(b)-teeyujune(g1)\source.cpp(1092): warning C4305: 'argument': truncation from 'double' to 'GLfloat'
c:\users\asus\source\repos\at-p5(b)-teeyujune(g1)\at-p5(b)-teeyujune(g1)\source.cpp(1095): warning C4305: '+=': truncation from 'double' to 'float'
c:\users\asus\source\repos\at-p5(b)-teeyujune(g1)\at-p5(b)-teeyujune(g1)\source.cpp(1096): warning C4305: '+=': truncation from 'double' to 'float'
c:\users\asus\source\repos\at-p5(b)-teeyujune(g1)\at-p5(b)-teeyujune(g1)\source.cpp(1101): warning C4305: '=': truncation from 'double' to 'float'
c:\users\asus\source\repos\at-p5(b)-teeyujune(g1)\at-p5(b)-teeyujune(g1)\source.cpp(1111): warning C4305: 'argument': truncation from 'double' to 'GLfloat'
c:\users\asus\source\repos\at-p5(b)-teeyujune(g1)\at-p5(b)-teeyujune(g1)\source.cpp(1115): warning C4305: 'argument': truncation from 'double' to 'GLfloat'
c:\users\asus\source\repos\at-p5(b)-teeyujune(g1)\at-p5(b)-teeyujune(g1)\source.cpp(1134): warning C4305: 'argument': truncation from 'double' to 'GLfloat'
c:\users\asus\source\repos\at-p5(b)-teeyujune(g1)\at-p5(b)-teeyujune(g1)\source.cpp(1135): warning C4305: 'argument': truncation from 'double' to 'GLfloat'
c:\users\asus\source\repos\at-p5(b)-teeyujune(g1)\at-p5(b)-teeyujune(g1)\source.cpp(1190): warning C4305: 'argument': truncation from 'double' to 'GLfloat'
c:\users\asus\source\repos\at-p5(b)-teeyujune(g1)\at-p5(b)-teeyujune(g1)\source.cpp(1192): warning C4305: 'argument': truncation from 'double' to 'GLfloat'
c:\users\asus\source\repos\at-p5(b)-teeyujune(g1)\at-p5(b)-teeyujune(g1)\source.cpp(1260): warning C4305: 'argument': truncation from 'double' to 'GLfloat'
c:\users\asus\source\repos\at-p5(b)-teeyujune(g1)\at-p5(b)-teeyujune(g1)\source.cpp(1288): warning C4305: 'argument': truncation from 'double' to 'GLfloat'
c:\users\asus\source\repos\at-p5(b)-teeyujune(g1)\at-p5(b)-teeyujune(g1)\source.cpp(1298): warning C4305: 'argument': truncation from 'double' to 'GLfloat'
c:\users\asus\source\repos\at-p5(b)-teeyujune(g1)\at-p5(b)-teeyujune(g1)\source.cpp(1307): warning C4305: 'argument': truncation from 'double' to 'GLfloat'
c:\users\asus\source\repos\at-p5(b)-teeyujune(g1)\at-p5(b)-teeyujune(g1)\source.cpp(1316): warning C4305: 'argument': truncation from 'double' to 'GLfloat'
c:\users\asus\source\repos\at-p5(b)-teeyujune(g1)\at-p5(b)-teeyujune(g1)\source.cpp(1330): warning C4305: 'argument': truncation from 'double' to 'GLfloat'
c:\users\asus\source\repos\at-p5(b)-teeyujune(g1)\at-p5(b)-teeyujune(g1)\source.cpp(1339): warning C4305: 'argument': truncation from 'double' to 'GLfloat'
c:\users\asus\source\repos\at-p5(b)-teeyujune(g1)\at-p5(b)-teeyujune(g1)\source.cpp(1348): warning C4305: 'argument': truncation from 'double' to 'GLfloat'
c:\users\asus\source\repos\at-p5(b)-teeyujune(g1)\at-p5(b)-teeyujune(g1)\source.cpp(1357): warning C4305: 'argument': truncation from 'double' to 'GLfloat'
c:\users\asus\source\repos\at-p5(b)-teeyujune(g1)\at-p5(b)-teeyujune(g1)\source.cpp(1448): warning C4305: 'argument': truncation from 'double' to 'GLfloat'
c:\users\asus\source\repos\at-p5(b)-teeyujune(g1)\at-p5(b)-teeyujune(g1)\source.cpp(1456): warning C4305: 'argument': truncation from 'double' to 'GLfloat'
c:\users\asus\source\repos\at-p5(b)-teeyujune(g1)\at-p5(b)-teeyujune(g1)\source.cpp(1464): warning C4305: 'argument': truncation from 'double' to 'GLfloat'
c:\users\asus\source\repos\at-p5(b)-teeyujune(g1)\at-p5(b)-teeyujune(g1)\source.cpp(1472): warning C4305: 'argument': truncation from 'double' to 'GLfloat'
c:\users\asus\source\repos\at-p5(b)-teeyujune(g1)\at-p5(b)-teeyujune(g1)\source.cpp(1503): warning C4305: 'argument': truncation from 'double' to 'GLfloat'
c:\users\asus\source\repos\at-p5(b)-teeyujune(g1)\at-p5(b)-teeyujune(g1)\source.cpp(1519): warning C4305: 'argument': truncation from 'double' to 'GLfloat'
  AT-P5(B)-TeeYuJune(G1).vcxproj -> C:\Users\ASUS\source\repos\AT-P5(B)-TeeYuJune(G1)\Debug\AT-P5(B)-TeeYuJune(G1).exe
